mode: set
github.com/obezsmertnyi/k8s-custom-controller/main.go:11.13,12.38 1 0
github.com/obezsmertnyi/k8s-custom-controller/main.go:12.38,14.3 1 0
github.com/obezsmertnyi/k8s-custom-controller/cmd/config.go:36.23,37.37 1 0
github.com/obezsmertnyi/k8s-custom-controller/cmd/config.go:37.37,39.3 1 0
github.com/obezsmertnyi/k8s-custom-controller/cmd/config.go:40.2,40.11 1 0
github.com/obezsmertnyi/k8s-custom-controller/cmd/config.go:45.36,57.35 8 0
github.com/obezsmertnyi/k8s-custom-controller/cmd/config.go:57.35,59.3 1 0
github.com/obezsmertnyi/k8s-custom-controller/cmd/config.go:62.2,62.19 1 0
github.com/obezsmertnyi/k8s-custom-controller/cmd/config.go:62.19,65.3 1 0
github.com/obezsmertnyi/k8s-custom-controller/cmd/config.go:65.8,69.3 2 0
github.com/obezsmertnyi/k8s-custom-controller/cmd/config.go:72.2,92.45 15 0
github.com/obezsmertnyi/k8s-custom-controller/cmd/config.go:92.45,94.3 1 0
github.com/obezsmertnyi/k8s-custom-controller/cmd/config.go:94.8,95.56 1 0
github.com/obezsmertnyi/k8s-custom-controller/cmd/config.go:95.56,97.4 1 0
github.com/obezsmertnyi/k8s-custom-controller/cmd/config.go:98.3,98.83 1 0
github.com/obezsmertnyi/k8s-custom-controller/cmd/config.go:102.2,103.16 2 0
github.com/obezsmertnyi/k8s-custom-controller/cmd/config.go:103.16,105.3 1 0
github.com/obezsmertnyi/k8s-custom-controller/cmd/config.go:108.2,108.20 1 0
github.com/obezsmertnyi/k8s-custom-controller/cmd/config.go:108.20,110.3 1 0
github.com/obezsmertnyi/k8s-custom-controller/cmd/config.go:112.2,112.20 1 0
github.com/obezsmertnyi/k8s-custom-controller/cmd/config.go:116.33,127.48 2 0
github.com/obezsmertnyi/k8s-custom-controller/cmd/config.go:127.48,129.18 2 0
github.com/obezsmertnyi/k8s-custom-controller/cmd/config.go:129.18,132.5 2 0
github.com/obezsmertnyi/k8s-custom-controller/cmd/config.go:134.4,145.55 12 0
github.com/obezsmertnyi/k8s-custom-controller/cmd/config.go:149.2,150.18 2 0
github.com/obezsmertnyi/k8s-custom-controller/cmd/root.go:27.47,30.17 2 0
github.com/obezsmertnyi/k8s-custom-controller/cmd/root.go:30.17,33.4 2 0
github.com/obezsmertnyi/k8s-custom-controller/cmd/root.go:36.3,50.55 10 0
github.com/obezsmertnyi/k8s-custom-controller/cmd/root.go:54.46,55.30 1 0
github.com/obezsmertnyi/k8s-custom-controller/cmd/root.go:56.15,57.28 1 0
github.com/obezsmertnyi/k8s-custom-controller/cmd/root.go:58.15,59.28 1 0
github.com/obezsmertnyi/k8s-custom-controller/cmd/root.go:60.14,61.27 1 0
github.com/obezsmertnyi/k8s-custom-controller/cmd/root.go:62.14,63.27 1 0
github.com/obezsmertnyi/k8s-custom-controller/cmd/root.go:64.15,65.28 1 0
github.com/obezsmertnyi/k8s-custom-controller/cmd/root.go:66.10,67.27 1 0
github.com/obezsmertnyi/k8s-custom-controller/cmd/root.go:72.58,77.33 3 0
github.com/obezsmertnyi/k8s-custom-controller/cmd/root.go:78.14,81.34 2 0
github.com/obezsmertnyi/k8s-custom-controller/cmd/root.go:81.34,83.4 1 0
github.com/obezsmertnyi/k8s-custom-controller/cmd/root.go:84.3,84.31 1 0
github.com/obezsmertnyi/k8s-custom-controller/cmd/root.go:85.10,92.34 2 0
github.com/obezsmertnyi/k8s-custom-controller/cmd/root.go:92.34,93.79 1 0
github.com/obezsmertnyi/k8s-custom-controller/cmd/root.go:93.79,95.5 1 0
github.com/obezsmertnyi/k8s-custom-controller/cmd/root.go:96.4,103.61 3 0
github.com/obezsmertnyi/k8s-custom-controller/cmd/root.go:104.9,111.4 2 0
github.com/obezsmertnyi/k8s-custom-controller/cmd/root.go:115.21,117.71 2 0
github.com/obezsmertnyi/k8s-custom-controller/cmd/root.go:117.71,119.3 1 0
github.com/obezsmertnyi/k8s-custom-controller/cmd/root.go:120.2,120.51 1 0
github.com/obezsmertnyi/k8s-custom-controller/cmd/root.go:123.22,127.16 3 0
github.com/obezsmertnyi/k8s-custom-controller/cmd/root.go:127.16,130.3 2 0
github.com/obezsmertnyi/k8s-custom-controller/cmd/root.go:132.2,135.26 3 0
github.com/obezsmertnyi/k8s-custom-controller/cmd/root.go:138.13,142.2 3 0
github.com/obezsmertnyi/k8s-custom-controller/cmd/server.go:22.47,37.2 8 0
github.com/obezsmertnyi/k8s-custom-controller/cmd/server.go:46.47,69.13 8 0
github.com/obezsmertnyi/k8s-custom-controller/cmd/server.go:69.13,71.54 2 0
github.com/obezsmertnyi/k8s-custom-controller/cmd/server.go:71.54,75.5 2 0
github.com/obezsmertnyi/k8s-custom-controller/cmd/server.go:79.3,79.10 1 0
github.com/obezsmertnyi/k8s-custom-controller/cmd/server.go:80.17,81.67 1 0
github.com/obezsmertnyi/k8s-custom-controller/cmd/server.go:82.22,83.50 1 0
github.com/obezsmertnyi/k8s-custom-controller/cmd/server.go:87.3,95.65 5 0
github.com/obezsmertnyi/k8s-custom-controller/cmd/server.go:95.65,97.4 1 0
github.com/obezsmertnyi/k8s-custom-controller/cmd/server.go:97.9,99.4 1 0
github.com/obezsmertnyi/k8s-custom-controller/cmd/server.go:103.13,107.2 3 0
github.com/obezsmertnyi/k8s-custom-controller/tests/mock_config.go:9.31,21.2 8 1
github.com/obezsmertnyi/k8s-custom-controller/tests/mock_config.go:24.38,30.2 5 1
github.com/obezsmertnyi/k8s-custom-controller/tests/mock_config.go:33.39,41.2 7 1
